Watching for file changes with StatReloader
[21/Apr/2026 09:16:59] "GET /api/stations/ HTTP/1.1" 200 20979
[21/Apr/2026 09:17:00] "GET /static/rest_framework/css/bootstrap-tweaks.css HTTP/1.1" 200 3426
[21/Apr/2026 09:17:00] "GET /static/rest_framework/css/prettify.css HTTP/1.1" 200 817
[21/Apr/2026 09:17:00] "GET /static/rest_framework/css/bootstrap.min.css HTTP/1.1" 200 121457
[21/Apr/2026 09:17:00] "GET /static/rest_framework/css/default.css HTTP/1.1" 200 1152
[21/Apr/2026 09:17:00] "GET /static/rest_framework/js/prettify-min.js HTTP/1.1" 200 13632
[21/Apr/2026 09:17:00] "GET /static/rest_framework/fonts/glyphicons-halflings-regular.woff2 HTTP/1.1" 200 18028
[21/Apr/2026 09:17:00] "GET /static/rest_framework/js/bootstrap.min.js HTTP/1.1" 200 39680
[21/Apr/2026 09:17:00] "GET /static/rest_framework/js/jquery-3.7.1.min.js HTTP/1.1" 200 87533
[21/Apr/2026 09:17:00] "GET /static/rest_framework/js/ajax-form.js HTTP/1.1" 200 3796
[21/Apr/2026 09:17:00] "GET /static/rest_framework/js/csrf.js HTTP/1.1" 200 1793
[21/Apr/2026 09:17:00] "GET /static/rest_framework/js/default.js HTTP/1.1" 200 1268
[21/Apr/2026 09:17:00] "GET /static/rest_framework/js/load-ajax-form.js HTTP/1.1" 200 59
[21/Apr/2026 09:17:00] "GET /static/rest_framework/img/grid.png HTTP/1.1" 200 1458
Not Found: /favicon.ico
[21/Apr/2026 09:17:01] "GET /favicon.ico HTTP/1.1" 404 2512
[21/Apr/2026 09:18:43] "GET /api/stations/ HTTP/1.1" 200 20979
[21/Apr/2026 09:18:43] "GET /static/rest_framework/css/bootstrap-tweaks.css HTTP/1.1" 304 0
[21/Apr/2026 09:18:43] "GET /static/rest_framework/js/ajax-form.js HTTP/1.1" 304 0
[21/Apr/2026 09:18:43] "GET /static/rest_framework/css/prettify.css HTTP/1.1" 304 0
[21/Apr/2026 09:18:43] "GET /static/rest_framework/css/default.css HTTP/1.1" 304 0
[21/Apr/2026 09:18:43] "GET /static/rest_framework/js/jquery-3.7.1.min.js HTTP/1.1" 304 0
[21/Apr/2026 09:18:43] "GET /static/rest_framework/css/bootstrap.min.css HTTP/1.1" 304 0
[21/Apr/2026 09:18:43] "GET /static/rest_framework/js/csrf.js HTTP/1.1" 304 0
[21/Apr/2026 09:18:43] "GET /static/rest_framework/js/bootstrap.min.js HTTP/1.1" 304 0
[21/Apr/2026 09:18:43] "GET /static/rest_framework/js/default.js HTTP/1.1" 304 0
[21/Apr/2026 09:18:44] "GET /static/rest_framework/js/prettify-min.js HTTP/1.1" 304 0
[21/Apr/2026 09:18:44] "GET /static/rest_framework/js/load-ajax-form.js HTTP/1.1" 304 0
